Log file open, 03/12/24 01:08:45
LogWindows: Failed to load 'aqProf.dll' (GetLastError=126)
LogWindows: File 'aqProf.dll' does not exist
LogWindows: Failed to load 'VtuneApi.dll' (GetLastError=126)
LogWindows: File 'VtuneApi.dll' does not exist
LogWindows: Failed to load 'VtuneApi32e.dll' (GetLastError=126)
LogWindows: File 'VtuneApi32e.dll' does not exist
LogConsoleResponse: Display: Failed to find resolution value strings in scalability ini. Falling back to default.
LogConsoleResponse: Display: Failed to find resolution value strings in scalability ini. Falling back to default.
LogInit: Display: Running engine for game: Snake
LogPlatformFile: Not using cached read wrapper
LogTaskGraph: Started task graph with 5 named threads and 23 total threads with 3 sets of task threads.
LogStats: Stats thread started at 0.262775
LogICUInternationalization: ICU TimeZone Detection - Raw Offset: +5:00, Platform Override: ''
LogInit: Display: Loading text-based GConfig....
LogPluginManager: Mounting plugin MeshPainting
LogPluginManager: Mounting plugin XGEController
LogPluginManager: Mounting plugin Paper2D
LogPluginManager: Mounting plugin LiveLink
LogPluginManager: Mounting plugin AISupport
LogPluginManager: Mounting plugin EnvironmentQueryEditor
LogPluginManager: Mounting plugin LightPropagationVolume
LogPluginManager: Mounting plugin CameraShakePreviewer
LogPluginManager: Mounting plugin OodleData
LogPluginManager: Mounting plugin OodleNetwork
LogPluginManager: Mounting plugin GameplayCameras
LogPluginManager: Mounting plugin AssetManagerEditor
LogPluginManager: Mounting plugin CryptoKeys
LogPluginManager: Mounting plugin CurveEditorTools
LogPluginManager: Mounting plugin DataValidation
LogPluginManager: Mounting plugin MacGraphicsSwitching
LogPluginManager: Mounting plugin FacialAnimation
LogPluginManager: Mounting plugin GeometryMode
LogPluginManager: Mounting plugin MaterialAnalyzer
LogPluginManager: Mounting plugin GameplayTagsEditor
LogPluginManager: Mounting plugin MobileLauncherProfileWizard
LogPluginManager: Mounting plugin AnimationSharing
LogPluginManager: Mounting plugin PluginBrowser
LogPluginManager: Mounting plugin CLionSourceCodeAccess
LogPluginManager: Mounting plugin SpeedTreeImporter
LogPluginManager: Mounting plugin CodeLiteSourceCodeAccess
LogPluginManager: Mounting plugin AlembicImporter
LogPluginManager: Mounting plugin AutomationUtils
LogPluginManager: Mounting plugin BackChannel
LogPluginManager: Mounting plugin GitSourceControl
LogPluginManager: Mounting plugin KDevelopSourceCodeAccess
LogPluginManager: Mounting plugin NullSourceCodeAccess
LogPluginManager: Mounting plugin ChaosCloth
LogPluginManager: Mounting plugin PerforceSourceControl
LogPluginManager: Mounting plugin PixWinPlugin
LogPluginManager: Mounting plugin ChaosEditor
LogPluginManager: Mounting plugin ChaosClothEditor
LogPluginManager: Mounting plugin PlasticSourceControl
LogPluginManager: Mounting plugin ChaosNiagara
LogPluginManager: Mounting plugin PluginUtils
LogPluginManager: Mounting plugin PropertyAccessNode
LogPluginManager: Mounting plugin ChaosSolverPlugin
LogPluginManager: Mounting plugin RiderSourceCodeAccess
LogPluginManager: Mounting plugin CharacterAI
LogPluginManager: Mounting plugin SubversionSourceControl
LogPluginManager: Mounting plugin TextureFormatOodle
LogPluginManager: Mounting plugin UObjectPlugin
LogPluginManager: Mounting plugin GeometryCache
LogPluginManager: Mounting plugin VisualStudioCodeSourceCodeAccess
LogPluginManager: Mounting plugin GeometryCollectionPlugin
LogPluginManager: Mounting plugin VisualStudioSourceCodeAccess
LogPluginManager: Mounting plugin XCodeSourceCodeAccess
LogPluginManager: Mounting plugin Niagara
LogPluginManager: Mounting plugin GeometryProcessing
LogPluginManager: Mounting plugin MotoSynth
LogPluginManager: Mounting plugin OpenImageDenoise
LogPluginManager: Mounting plugin PlanarCut
LogPluginManager: Mounting plugin PlatformCrypto
LogPluginManager: Mounting plugin ProxyLODPlugin
LogPluginManager: Mounting plugin PythonScriptPlugin
LogPluginManager: Mounting plugin SkeletalReduction
LogPluginManager: Mounting plugin LuminPlatformFeatures
LogPluginManager: Mounting plugin MagicLeap
LogPluginManager: Mounting plugin MagicLeapLightEstimation
LogPluginManager: Mounting plugin MagicLeapMedia
LogPluginManager: Mounting plugin MagicLeapPassableWorld
LogPluginManager: Mounting plugin MLSDK
LogPluginManager: Mounting plugin TcpMessaging
LogPluginManager: Mounting plugin UdpMessaging
LogPluginManager: Mounting plugin AndroidMedia
LogPluginManager: Mounting plugin AvfMedia
LogPluginManager: Mounting plugin ImgMedia
LogPluginManager: Mounting plugin MediaCompositing
LogPluginManager: Mounting plugin MediaPlayerEditor
LogPluginManager: Mounting plugin WebMMedia
LogPluginManager: Mounting plugin WmfMedia
LogPluginManager: Mounting plugin ActorSequence
LogPluginManager: Mounting plugin LevelSequenceEditor
LogPluginManager: Mounting plugin MatineeToLevelSequence
LogPluginManager: Mounting plugin TemplateSequence
LogPluginManager: Mounting plugin OnlineSubsystem
LogPluginManager: Mounting plugin OnlineSubsystemNull
LogPluginManager: Mounting plugin OnlineSubsystemUtils
LogPluginManager: Mounting plugin ActorLayerUtilities
LogPluginManager: Mounting plugin LauncherChunkInstaller
LogPluginManager: Mounting plugin AndroidDeviceProfileSelector
LogPluginManager: Mounting plugin AndroidMoviePlayer
LogPluginManager: Mounting plugin AndroidPermission
LogPluginManager: Mounting plugin AppleImageUtils
LogPluginManager: Mounting plugin ArchVisCharacter
LogPluginManager: Mounting plugin AssetTags
LogPluginManager: Mounting plugin AppleMoviePlayer
LogPluginManager: Mounting plugin AudioCapture
LogPluginManager: Mounting plugin AudioSynesthesia
LogPluginManager: Mounting plugin CableComponent
LogPluginManager: Mounting plugin ChunkDownloader
LogPluginManager: Mounting plugin CustomMeshComponent
LogPluginManager: Mounting plugin EditableMesh
LogPluginManager: Mounting plugin ExampleDeviceProfileSelector
LogPluginManager: Mounting plugin GooglePAD
LogPluginManager: Mounting plugin GoogleCloudMessaging
LogPluginManager: Mounting plugin IOSDeviceProfileSelector
LogPluginManager: Mounting plugin LinuxDeviceProfileSelector
LogPluginManager: Mounting plugin LocationServicesBPLibrary
LogPluginManager: Mounting plugin MobilePatchingUtils
LogPluginManager: Mounting plugin OpenXR
LogPluginManager: Mounting plugin OpenXREyeTracker
LogPluginManager: Mounting plugin OpenXRHandTracking
LogPluginManager: Mounting plugin PhysXVehicles
LogPluginManager: Mounting plugin PostSplashScreen
LogPluginManager: Mounting plugin PropertyAccessEditor
LogPluginManager: Mounting plugin ProceduralMeshComponent
LogPluginManager: Mounting plugin SoundFields
LogPluginManager: Mounting plugin RuntimePhysXCooking
LogPluginManager: Mounting plugin SignificanceManager
LogPluginManager: Mounting plugin Synthesis
LogPluginManager: Mounting plugin WebMMoviePlayer
LogPluginManager: Mounting plugin WindowsMoviePlayer
LogPluginManager: Mounting plugin ScreenshotTools
LogPluginManager: Mounting plugin Takes
LogPluginManager: Mounting plugin DatasmithContent
LogPluginManager: Mounting plugin VariantManagerContent
LogPluginManager: Mounting plugin ContentBrowserAssetDataSource
LogPluginManager: Mounting plugin ContentBrowserClassDataSource
LogPluginManager: Mounting plugin ContentBrowserFileDataSource
LogPluginManager: Mounting plugin OnlineSubsystemGooglePlay
LogPluginManager: Mounting plugin OnlineSubsystemIOS
LogPluginManager: Mounting plugin OculusVR
LogPluginManager: Mounting plugin SteamVR
PixWinPlugin: PIX capture plugin failed to initialize! Check that the process is launched from PIX.
LogInit: Using libcurl 7.55.1-DEV
LogInit:  - built for x86_64-pc-win32
LogInit:  - supports SSL with OpenSSL/1.1.1
LogInit:  - supports HTTP deflate (compression) using libz 1.2.8
LogInit:  - other features:
LogInit:      CURL_VERSION_SSL
LogInit:      CURL_VERSION_LIBZ
LogInit:      CURL_VERSION_IPV6
LogInit:      CURL_VERSION_ASYNCHDNS
LogInit:      CURL_VERSION_LARGEFILE
LogInit:      CURL_VERSION_IDN
LogInit:  CurlRequestOptions (configurable via config and command line):
LogInit:  - bVerifyPeer = true  - Libcurl will verify peer certificate
LogInit:  - bUseHttpProxy = false  - Libcurl will NOT use HTTP proxy
LogInit:  - bDontReuseConnections = false  - Libcurl will reuse connections
LogInit:  - MaxHostConnections = 16  - Libcurl will limit the number of connections to a host
LogInit:  - LocalHostAddr = Default
LogInit:  - BufferSize = 65536
LogOnline: OSS: Creating online subsystem instance for: NULL
LogInit: WinSock: version 1.1 (2.2), MaxSocks=32767, MaxUdp=65467
LogOnline: OSS: TryLoadSubsystemAndSetDefault: Loaded subsystem for module [NULL]
LogOculusPluginWrapper: OculusPlugin initialized successfully
LogHMD: Failed initializing OVRPlugin 1.59.0
LogInit: Build: ++UE4+Release-4.27-CL-18319896
LogInit: Engine Version: 4.27.2-18319896+++UE4+Release-4.27
LogInit: Compatible Engine Version: 4.27.0-17155196+++UE4+Release-4.27
LogInit: Net CL: 17155196
LogInit: OS: Windows 10 (Release 2009) (), CPU: Intel(R) Xeon(R) CPU E3-1270 v3 @ 3.50GHz, GPU: NVIDIA GeForce GTX 1060 3GB
LogInit: Compiled (64-bit): Nov 30 2021 07:12:08
LogInit: Compiled with Visual C++: 19.24.28315.00
LogInit: Build Configuration: Development
LogInit: Branch Name: ++UE4+Release-4.27
LogInit: Command Line:  -skipcompile
LogInit: Base Directory: F:/EpicGame/UE_4.27/Engine/Binaries/Win64/
LogInit: Allocator: TBB
LogInit: Installed Engine Build: 1
LogDevObjectVersion: Number of dev versions registered: 29
LogDevObjectVersion:   Dev-Blueprints (B0D832E4-1F89-4F0D-ACCF-7EB736FD4AA2): 10
LogDevObjectVersion:   Dev-Build (E1C64328-A22C-4D53-A36C-8E866417BD8C): 0
LogDevObjectVersion:   Dev-Core (375EC13C-06E4-48FB-B500-84F0262A717E): 4
LogDevObjectVersion:   Dev-Editor (E4B068ED-F494-42E9-A231-DA0B2E46BB41): 40
LogDevObjectVersion:   Dev-Framework (CFFC743F-43B0-4480-9391-14DF171D2073): 37
LogDevObjectVersion:   Dev-Mobile (B02B49B5-BB20-44E9-A304-32B752E40360): 3
LogDevObjectVersion:   Dev-Networking (A4E4105C-59A1-49B5-A7C5-40C4547EDFEE): 0
LogDevObjectVersion:   Dev-Online (39C831C9-5AE6-47DC-9A44-9C173E1C8E7C): 0
LogDevObjectVersion:   Dev-Physics (78F01B33-EBEA-4F98-B9B4-84EACCB95AA2): 14
LogDevObjectVersion:   Dev-Platform (6631380F-2D4D-43E0-8009-CF276956A95A): 0
LogDevObjectVersion:   Dev-Rendering (12F88B9F-8875-4AFC-A67C-D90C383ABD29): 45
LogDevObjectVersion:   Dev-Sequencer (7B5AE74C-D270-4C10-A958-57980B212A5A): 13
LogDevObjectVersion:   Dev-VR (D7296918-1DD6-4BDD-9DE2-64A83CC13884): 3
LogDevObjectVersion:   Dev-LoadTimes (C2A15278-BFE7-4AFE-6C17-90FF531DF755): 1
LogDevObjectVersion:   Private-Geometry (6EACA3D4-40EC-4CC1-B786-8BED09428FC5): 3
LogDevObjectVersion:   Dev-AnimPhys (29E575DD-E0A3-4627-9D10-D276232CDCEA): 17
LogDevObjectVersion:   Dev-Anim (AF43A65D-7FD3-4947-9873-3E8ED9C1BB05): 15
LogDevObjectVersion:   Dev-ReflectionCapture (6B266CEC-1EC7-4B8F-A30B-E4D90942FC07): 1
LogDevObjectVersion:   Dev-Automation (0DF73D61-A23F-47EA-B727-89E90C41499A): 1
LogDevObjectVersion:   FortniteMain (601D1886-AC64-4F84-AA16-D3DE0DEAC7D6): 47
LogDevObjectVersion:   FortniteRelease (E7086368-6B23-4C58-8439-1B7016265E91): 1
LogDevObjectVersion:   Dev-Enterprise (9DFFBCD6-494F-0158-E221-12823C92A888): 10
LogDevObjectVersion:   Dev-Niagara (F2AED0AC-9AFE-416F-8664-AA7FFA26D6FC): 1
LogDevObjectVersion:   Dev-Destruction (174F1F0B-B4C6-45A5-B13F-2EE8D0FB917D): 10
LogDevObjectVersion:   Dev-Physics-Ext (35F94A83-E258-406C-A318-09F59610247C): 41
LogDevObjectVersion:   Dev-PhysicsMaterial-Chaos (B68FC16E-8B1B-42E2-B453-215C058844FE): 1
LogDevObjectVersion:   Dev-CineCamera (B2E18506-4273-CFC2-A54E-F4BB758BBA07): 1
LogDevObjectVersion:   Dev-VirtualProduction (64F58936-FD1B-42BA-BA96-7289D5D0FA4E): 1
LogDevObjectVersion:   Dev-MediaFramework (6F0ED827-A609-4895-9C91-998D90180EA4): 2
LogInit: Presizing for max 25165824 objects, including 0 objects not considered by GC, pre-allocating 0 bytes for permanent pool.
LogConfig: Applying CVar settings from Section [/Script/Engine.StreamingSettings] File [F:/UnrealEngineFile/Snake/Saved/Config/Windows/Engine.ini]
LogConfig: Setting CVar [[s.MinBulkDataSizeForAsyncLoading:131072]]
LogConfig: Setting CVar [[s.AsyncLoadingThreadEnabled:0]]
LogConfig: Setting CVar [[s.EventDrivenLoaderEnabled:1]]
LogConfig: Setting CVar [[s.WarnIfTimeLimitExceeded:0]]
LogConfig: Setting CVar [[s.TimeLimitExceededMultiplier:1.5]]
LogConfig: Setting CVar [[s.TimeLimitExceededMinTime:0.005]]
LogConfig: Setting CVar [[s.UseBackgroundLevelStreaming:1]]
LogConfig: Setting CVar [[s.PriorityAsyncLoadingExtraTime:15.0]]
LogConfig: Setting CVar [[s.LevelStreamingActorsUpdateTimeLimit:5.0]]
LogConfig: Setting CVar [[s.PriorityLevelStreamingActorsUpdateExtraTime:5.0]]
LogConfig: Setting CVar [[s.LevelStreamingComponentsRegistrationGranularity:10]]
LogConfig: Setting CVar [[s.UnregisterComponentsTimeLimit:1.0]]
LogConfig: Setting CVar [[s.LevelStreamingComponentsUnregistrationGranularity:5]]
LogConfig: Setting CVar [[s.FlushStreamingOnExit:1]]
LogInit: Object subsystem initialized
LogConfig: Setting CVar [[con.DebugEarlyDefault:1]]
LogConfig: Setting CVar [[r.setres:1280x720]]
[2024.03.11-20.08.46:020][  0]LogConfig: Setting CVar [[r.VSync:0]]
[2024.03.11-20.08.46:020][  0]LogConfig: Setting CVar [[r.RHICmdBypass:0]]
[2024.03.11-20.08.46:020][  0]LogConfig: Applying CVar settings from Section [/Script/Engine.RendererSettings] File [F:/UnrealEngineFile/Snake/Saved/Config/Windows/Engine.ini]
[2024.03.11-20.08.46:020][  0]LogConfig: Setting CVar [[r.GPUCrashDebugging:0]]
[2024.03.11-20.08.46:020][  0]LogConfig: Applying CVar settings from Section [/Script/Engine.RendererOverrideSettings] File [F:/UnrealEngineFile/Snake/Saved/Config/Windows/Engine.ini]
[2024.03.11-20.08.46:020][  0]LogConfig: Applying CVar settings from Section [/Script/Engine.StreamingSettings] File [F:/UnrealEngineFile/Snake/Saved/Config/Windows/Engine.ini]
[2024.03.11-20.08.46:020][  0]LogConfig: Setting CVar [[s.MinBulkDataSizeForAsyncLoading:131072]]
[2024.03.11-20.08.46:020][  0]LogConfig: Setting CVar [[s.AsyncLoadingThreadEnabled:0]]
[2024.03.11-20.08.46:020][  0]LogConfig: Setting CVar [[s.EventDrivenLoaderEnabled:1]]
[2024.03.11-20.08.46:020][  0]LogConfig: Setting CVar [[s.WarnIfTimeLimitExceeded:0]]
[2024.03.11-20.08.46:020][  0]LogConfig: Setting CVar [[s.TimeLimitExceededMultiplier:1.5]]
[2024.03.11-20.08.46:020][  0]LogConfig: Setting CVar [[s.TimeLimitExceededMinTime:0.005]]
[2024.03.11-20.08.46:020][  0]LogConfig: Setting CVar [[s.UseBackgroundLevelStreaming:1]]
[2024.03.11-20.08.46:021][  0]LogConfig: Setting CVar [[s.PriorityAsyncLoadingExtraTime:15.0]]
[2024.03.11-20.08.46:021][  0]LogConfig: Setting CVar [[s.LevelStreamingActorsUpdateTimeLimit:5.0]]
[2024.03.11-20.08.46:021][  0]LogConfig: Setting CVar [[s.PriorityLevelStreamingActorsUpdateExtraTime:5.0]]
[2024.03.11-20.08.46:021][  0]LogConfig: Setting CVar [[s.LevelStreamingComponentsRegistrationGranularity:10]]
[2024.03.11-20.08.46:021][  0]LogConfig: Setting CVar [[s.UnregisterComponentsTimeLimit:1.0]]
[2024.03.11-20.08.46:021][  0]LogConfig: Setting CVar [[s.LevelStreamingComponentsUnregistrationGranularity:5]]
[2024.03.11-20.08.46:021][  0]LogConfig: Setting CVar [[s.FlushStreamingOnExit:1]]
[2024.03.11-20.08.46:021][  0]LogConfig: Applying CVar settings from Section [/Script/Engine.GarbageCollectionSettings] File [F:/UnrealEngineFile/Snake/Saved/Config/Windows/Engine.ini]
[2024.03.11-20.08.46:021][  0]LogConfig: Setting CVar [[gc.MaxObjectsNotConsideredByGC:1]]
[2024.03.11-20.08.46:021][  0]LogConfig: Setting CVar [[gc.SizeOfPermanentObjectPool:0]]
[2024.03.11-20.08.46:021][  0]LogConfig: Setting CVar [[gc.FlushStreamingOnGC:0]]
[2024.03.11-20.08.46:021][  0]LogConfig: Setting CVar [[gc.NumRetriesBeforeForcingGC:10]]
[2024.03.11-20.08.46:021][  0]LogConfig: Setting CVar [[gc.AllowParallelGC:1]]
[2024.03.11-20.08.46:021][  0]LogConfig: Setting CVar [[gc.TimeBetweenPurgingPendingKillObjects:61.1]]
[2024.03.11-20.08.46:021][  0]LogConfig: Setting CVar [[gc.MaxObjectsInEditor:25165824]]
[2024.03.11-20.08.46:021][  0]LogConfig: Setting CVar [[gc.IncrementalBeginDestroyEnabled:1]]
[2024.03.11-20.08.46:021][  0]LogConfig: Setting CVar [[gc.CreateGCClusters:1]]
[2024.03.11-20.08.46:021][  0]LogConfig: Setting CVar [[gc.MinGCClusterSize:5]]
[2024.03.11-20.08.46:021][  0]LogConfig: Setting CVar [[gc.ActorClusteringEnabled:0]]
[2024.03.11-20.08.46:021][  0]LogConfig: Setting CVar [[gc.BlueprintClusteringEnabled:0]]
[2024.03.11-20.08.46:021][  0]LogConfig: Setting CVar [[gc.UseDisregardForGCOnDedicatedServers:0]]
[2024.03.11-20.08.46:021][  0]LogConfig: Setting CVar [[gc.MultithreadedDestructionEnabled:1]]
[2024.03.11-20.08.46:021][  0]LogConfig: Applying CVar settings from Section [/Script/Engine.NetworkSettings] File [F:/UnrealEngineFile/Snake/Saved/Config/Windows/Engine.ini]
[2024.03.11-20.08.46:021][  0]LogConfig: Applying CVar settings from Section [/Script/UnrealEd.CookerSettings] File [F:/UnrealEngineFile/Snake/Saved/Config/Windows/Engine.ini]
[2024.03.11-20.08.46:031][  0]LogConfig: Applying CVar settings from Section [ViewDistanceQuality@3] File [F:/UnrealEngineFile/Snake/Saved/Config/Windows/Scalability.ini]
[2024.03.11-20.08.46:031][  0]LogConfig: Setting CVar [[r.SkeletalMeshLODBias:0]]
[2024.03.11-20.08.46:031][  0]LogConfig: Setting CVar [[r.ViewDistanceScale:1.0]]
[2024.03.11-20.08.46:031][  0]LogConfig: Applying CVar settings from Section [AntiAliasingQuality@3] File [F:/UnrealEngineFile/Snake/Saved/Config/Windows/Scalability.ini]
[2024.03.11-20.08.46:031][  0]LogConfig: Setting CVar [[r.PostProcessAAQuality:4]]
[2024.03.11-20.08.46:031][  0]LogConfig: Applying CVar settings from Section [ShadowQuality@3] File [F:/UnrealEngineFile/Snake/Saved/Config/Windows/Scalability.ini]
[2024.03.11-20.08.46:031][  0]LogConfig: Setting CVar [[r.LightFunctionQuality:1]]
[2024.03.11-20.08.46:031][  0]LogConfig: Setting CVar [[r.ShadowQuality:5]]
[2024.03.11-20.08.46:031][  0]LogConfig: Setting CVar [[r.Shadow.CSM.MaxCascades:10]]
[2024.03.11-20.08.46:031][  0]LogConfig: Setting CVar [[r.Shadow.MaxResolution:2048]]
[2024.03.11-20.08.46:032][  0]LogConfig: Setting CVar [[r.Shadow.MaxCSMResolution:2048]]
[2024.03.11-20.08.46:032][  0]LogConfig: Setting CVar [[r.Shadow.RadiusThreshold:0.01]]
[2024.03.11-20.08.46:032][  0]LogConfig: Setting CVar [[r.Shadow.DistanceScale:1.0]]
[2024.03.11-20.08.46:032][  0]LogConfig: Setting CVar [[r.Shadow.CSM.TransitionScale:1.0]]
[2024.03.11-20.08.46:032][  0]LogConfig: Setting CVar [[r.Shadow.PreShadowResolutionFactor:1.0]]
[2024.03.11-20.08.46:032][  0]LogConfig: Setting CVar [[r.DistanceFieldShadowing:1]]
[2024.03.11-20.08.46:032][  0]LogConfig: Setting CVar [[r.DistanceFieldAO:1]]
[2024.03.11-20.08.46:032][  0]LogConfig: Setting CVar [[r.AOQuality:2]]
[2024.03.11-20.08.46:032][  0]LogConfig: Setting CVar [[r.VolumetricFog:1]]
[2024.03.11-20.08.46:032][  0]LogConfig: Setting CVar [[r.VolumetricFog.GridPixelSize:8]]
[2024.03.11-20.08.46:032][  0]LogConfig: Setting CVar [[r.VolumetricFog.GridSizeZ:128]]
[2024.03.11-20.08.46:032][  0]LogConfig: Setting CVar [[r.VolumetricFog.HistoryMissSupersampleCount:4]]
[2024.03.11-20.08.46:032][  0]LogConfig: Setting CVar [[r.LightMaxDrawDistanceScale:1]]
[2024.03.11-20.08.46:032][  0]LogConfig: Setting CVar [[r.CapsuleShadows:1]]
[2024.03.11-20.08.46:032][  0]LogConfig: Applying CVar settings from Section [PostProcessQuality@3] File [F:/UnrealEngineFile/Snake/Saved/Config/Windows/Scalability.ini]
[2024.03.11-20.08.46:032][  0]LogConfig: Setting CVar [[r.MotionBlurQuality:4]]
[2024.03.11-20.08.46:032][  0]LogConfig: Setting CVar [[r.AmbientOcclusionMipLevelFactor:0.4]]
[2024.03.11-20.08.46:032][  0]LogConfig: Setting CVar [[r.AmbientOcclusionMaxQuality:100]]
[2024.03.11-20.08.46:032][  0]LogConfig: Setting CVar [[r.AmbientOcclusionLevels:-1]]
[2024.03.11-20.08.46:032][  0]LogConfig: Setting CVar [[r.AmbientOcclusionRadiusScale:1.0]]
[2024.03.11-20.08.46:032][  0]LogConfig: Setting CVar [[r.DepthOfFieldQuality:2]]
[2024.03.11-20.08.46:032][  0]LogConfig: Setting CVar [[r.RenderTargetPoolMin:400]]
[2024.03.11-20.08.46:032][  0]LogConfig: Setting CVar [[r.LensFlareQuality:2]]
[2024.03.11-20.08.46:032][  0]LogConfig: Setting CVar [[r.SceneColorFringeQuality:1]]
[2024.03.11-20.08.46:032][  0]LogConfig: Setting CVar [[r.EyeAdaptationQuality:2]]
[2024.03.11-20.08.46:032][  0]LogConfig: Setting CVar [[r.BloomQuality:5]]
[2024.03.11-20.08.46:032][  0]LogConfig: Setting CVar [[r.FastBlurThreshold:100]]
[2024.03.11-20.08.46:032][  0]LogConfig: Setting CVar [[r.Upscale.Quality:3]]
[2024.03.11-20.08.46:032][  0]LogConfig: Setting CVar [[r.Tonemapper.GrainQuantization:1]]
[2024.03.11-20.08.46:032][  0]LogConfig: Setting CVar [[r.LightShaftQuality:1]]
[2024.03.11-20.08.46:032][  0]LogConfig: Setting CVar [[r.Filter.SizeScale:1]]
[2024.03.11-20.08.46:032][  0]LogConfig: Setting CVar [[r.Tonemapper.Quality:5]]
[2024.03.11-20.08.46:032][  0]LogConfig: Setting CVar [[r.DOF.Gather.AccumulatorQuality:1        ; higher gathering accumulator quality]]
[2024.03.11-20.08.46:032][  0]LogConfig: Setting CVar [[r.DOF.Gather.PostfilterMethod:1          ; Median3x3 postfilering method]]
[2024.03.11-20.08.46:032][  0]LogConfig: Setting CVar [[r.DOF.Gather.EnableBokehSettings:0       ; no bokeh simulation when gathering]]
[2024.03.11-20.08.46:032][  0]LogConfig: Setting CVar [[r.DOF.Gather.RingCount:4                 ; medium number of samples when gathering]]
[2024.03.11-20.08.46:032][  0]LogConfig: Setting CVar [[r.DOF.Scatter.ForegroundCompositing:1    ; additive foreground scattering]]
[2024.03.11-20.08.46:032][  0]LogConfig: Setting CVar [[r.DOF.Scatter.BackgroundCompositing:2    ; additive background scattering]]
[2024.03.11-20.08.46:032][  0]LogConfig: Setting CVar [[r.DOF.Scatter.EnableBokehSettings:1      ; bokeh simulation when scattering]]
[2024.03.11-20.08.46:032][  0]LogConfig: Setting CVar [[r.DOF.Scatter.MaxSpriteRatio:0.1         ; only a maximum of 10% of scattered bokeh]]
[2024.03.11-20.08.46:032][  0]LogConfig: Setting CVar [[r.DOF.Recombine.Quality:1                ; cheap slight out of focus]]
[2024.03.11-20.08.46:032][  0]LogConfig: Setting CVar [[r.DOF.Recombine.EnableBokehSettings:0    ; no bokeh simulation on slight out of focus]]
[2024.03.11-20.08.46:032][  0]LogConfig: Setting CVar [[r.DOF.TemporalAAQuality:1                ; more stable temporal accumulation]]
[2024.03.11-20.08.46:032][  0]LogConfig: Setting CVar [[r.DOF.Kernel.MaxForegroundRadius:0.025]]
[2024.03.11-20.08.46:032][  0]LogConfig: Setting CVar [[r.DOF.Kernel.MaxBackgroundRadius:0.025]]
[2024.03.11-20.08.46:032][  0]LogConfig: Applying CVar settings from Section [TextureQuality@3] File [F:/UnrealEngineFile/Snake/Saved/Config/Windows/Scalability.ini]
[2024.03.11-20.08.46:032][  0]LogConfig: Setting CVar [[r.Streaming.MipBias:0]]
[2024.03.11-20.08.46:032][  0]LogConfig: Setting CVar [[r.Streaming.AmortizeCPUToGPUCopy:0]]
[2024.03.11-20.08.46:032][  0]LogConfig: Setting CVar [[r.Streaming.MaxNumTexturesToStreamPerFrame:0]]
[2024.03.11-20.08.46:032][  0]LogConfig: Setting CVar [[r.Streaming.Boost:1]]
[2024.03.11-20.08.46:032][  0]LogConfig: Setting CVar [[r.MaxAnisotropy:8]]
[2024.03.11-20.08.46:032][  0]LogConfig: Setting CVar [[r.VT.MaxAnisotropy:8]]
[2024.03.11-20.08.46:032][  0]LogConfig: Setting CVar [[r.Streaming.LimitPoolSizeToVRAM:0]]
[2024.03.11-20.08.46:032][  0]LogConfig: Setting CVar [[r.Streaming.PoolSize:1000]]
[2024.03.11-20.08.46:032][  0]LogConfig: Setting CVar [[r.Streaming.MaxEffectiveScreenSize:0]]
[2024.03.11-20.08.46:032][  0]LogConfig: Applying CVar settings from Section [EffectsQuality@3] File [F:/UnrealEngineFile/Snake/Saved/Config/Windows/Scalability.ini]
[2024.03.11-20.08.46:032][  0]LogConfig: Setting CVar [[r.TranslucencyLightingVolumeDim:64]]
[2024.03.11-20.08.46:032][  0]LogConfig: Setting CVar [[r.RefractionQuality:2]]
[2024.03.11-20.08.46:032][  0]LogConfig: Setting CVar [[r.SSR.Quality:3]]
[2024.03.11-20.08.46:032][  0]LogConfig: Setting CVar [[r.SSR.HalfResSceneColor:0]]
[2024.03.11-20.08.46:032][  0]LogConfig: Setting CVar [[r.SceneColorFormat:4]]
[2024.03.11-20.08.46:032][  0]LogConfig: Setting CVar [[r.DetailMode:2]]
[2024.03.11-20.08.46:032][  0]LogConfig: Setting CVar [[r.TranslucencyVolumeBlur:1]]
[2024.03.11-20.08.46:032][  0]LogConfig: Setting CVar [[r.MaterialQualityLevel:1 ; High quality]]
[2024.03.11-20.08.46:032][  0]LogConfig: Setting CVar [[r.AnisotropicMaterials:1]]
[2024.03.11-20.08.46:032][  0]LogConfig: Setting CVar [[r.SSS.Scale:1]]
[2024.03.11-20.08.46:032][  0]LogConfig: Setting CVar [[r.SSS.SampleSet:2]]
[2024.03.11-20.08.46:032][  0]LogConfig: Setting CVar [[r.SSS.Quality:1]]
[2024.03.11-20.08.46:032][  0]LogConfig: Setting CVar [[r.SSS.HalfRes:0]]
[2024.03.11-20.08.46:032][  0]LogConfig: Setting CVar [[r.SSGI.Quality:3]]
[2024.03.11-20.08.46:032][  0]LogConfig: Setting CVar [[r.EmitterSpawnRateScale:1.0]]
[2024.03.11-20.08.46:032][  0]LogConfig: Setting CVar [[r.ParticleLightQuality:2]]
[2024.03.11-20.08.46:032][  0]LogConfig: Setting CVar [[r.SkyAtmosphere.AerialPerspectiveLUT.FastApplyOnOpaque:1 ; Always have FastSkyLUT 1 in this case to avoid wrong sky]]
[2024.03.11-20.08.46:032][  0]LogConfig: Setting CVar [[r.SkyAtmosphere.AerialPerspectiveLUT.SampleCountMaxPerSlice:4]]
[2024.03.11-20.08.46:032][  0]LogConfig: Setting CVar [[r.SkyAtmosphere.AerialPerspectiveLUT.DepthResolution:16.0]]
[2024.03.11-20.08.46:032][  0]LogConfig: Setting CVar [[r.SkyAtmosphere.FastSkyLUT:1]]
[2024.03.11-20.08.46:032][  0]LogConfig: Setting CVar [[r.SkyAtmosphere.FastSkyLUT.SampleCountMin:4.0]]
[2024.03.11-20.08.46:032][  0]LogConfig: Setting CVar [[r.SkyAtmosphere.FastSkyLUT.SampleCountMax:128.0]]
[2024.03.11-20.08.46:032][  0]LogConfig: Setting CVar [[r.SkyAtmosphere.SampleCountMin:4.0]]
[2024.03.11-20.08.46:033][  0]LogConfig: Setting CVar [[r.SkyAtmosphere.SampleCountMax:128.0]]
[2024.03.11-20.08.46:033][  0]LogConfig: Setting CVar [[r.SkyAtmosphere.TransmittanceLUT.UseSmallFormat:0]]
[2024.03.11-20.08.46:033][  0]LogConfig: Setting CVar [[r.SkyAtmosphere.TransmittanceLUT.SampleCount:10.0]]
[2024.03.11-20.08.46:033][  0]LogConfig: Setting CVar [[r.SkyAtmosphere.MultiScatteringLUT.SampleCount:15.0]]
[2024.03.11-20.08.46:033][  0]LogConfig: Setting CVar [[r.SkyLight.RealTimeReflectionCapture:1]]
[2024.03.11-20.08.46:033][  0]LogConfig: Applying CVar settings from Section [FoliageQuality@3] File [F:/UnrealEngineFile/Snake/Saved/Config/Windows/Scalability.ini]
[2024.03.11-20.08.46:033][  0]LogConfig: Setting CVar [[foliage.DensityScale:1.0]]
[2024.03.11-20.08.46:033][  0]LogConfig: Setting CVar [[grass.DensityScale:1.0]]
[2024.03.11-20.08.46:033][  0]LogConfig: Applying CVar settings from Section [ShadingQuality@3] File [F:/UnrealEngineFile/Snake/Saved/Config/Windows/Scalability.ini]
[2024.03.11-20.08.46:033][  0]LogConfig: Setting CVar [[r.HairStrands.SkyLighting.IntegrationType:2]]
[2024.03.11-20.08.46:033][  0]LogConfig: Setting CVar [[r.HairStrands.SkyAO.SampleCount:4]]
[2024.03.11-20.08.46:033][  0]LogConfig: Setting CVar [[r.HairStrands.Visibility.MSAA.SamplePerPixel:4]]
[2024.03.11-20.08.46:033][  0]LogInit: Selected Device Profile: [Windows]
[2024.03.11-20.08.46:033][  0]LogInit: Applying CVar settings loaded from the selected device profile: [Windows]
[2024.03.11-20.08.46:033][  0]LogHAL: Display: Platform has ~ 24 GB [25693999104 / 34359738368 / 24], which maps to Larger [LargestMinGB=32, LargerMinGB=12, DefaultMinGB=8, SmallerMinGB=6, SmallestMinGB=0)
[2024.03.11-20.08.46:033][  0]LogInit: Going up to parent DeviceProfile []
[2024.03.11-20.08.46:033][  0]LogConfig: Applying CVar settings from Section [ViewDistanceQuality@3] File [F:/UnrealEngineFile/Snake/Saved/Config/Windows/Scalability.ini]
[2024.03.11-20.08.46:033][  0]LogConfig: Setting CVar [[r.SkeletalMeshLODBias:0]]
[2024.03.11-20.08.46:033][  0]LogConfig: Setting CVar [[r.ViewDistanceScale:1.0]]
[2024.03.11-20.08.46:033][  0]LogConfig: Applying CVar settings from Section [AntiAliasingQuality@3] File [F:/UnrealEngineFile/Snake/Saved/Config/Windows/Scalability.ini]
[2024.03.11-20.08.46:033][  0]LogConfig: Setting CVar [[r.PostProcessAAQuality:4]]
[2024.03.11-20.08.46:033][  0]LogConfig: Applying CVar settings from Section [ShadowQuality@3] File [F:/UnrealEngineFile/Snake/Saved/Config/Windows/Scalability.ini]
[2024.03.11-20.08.46:033][  0]LogConfig: Setting CVar [[r.LightFunctionQuality:1]]
[2024.03.11-20.08.46:033][  0]LogConfig: Setting CVar [[r.ShadowQuality:5]]
[2024.03.11-20.08.46:033][  0]LogConfig: Setting CVar [[r.Shadow.CSM.MaxCascades:10]]
[2024.03.11-20.08.46:033][  0]LogConfig: Setting CVar [[r.Shadow.MaxResolution:2048]]
[2024.03.11-20.08.46:033][  0]LogConfig: Setting CVar [[r.Shadow.MaxCSMResolution:2048]]
[2024.03.11-20.08.46:033][  0]LogConfig: Setting CVar [[r.Shadow.RadiusThreshold:0.01]]
[2024.03.11-20.08.46:033][  0]LogConfig: Setting CVar [[r.Shadow.DistanceScale:1.0]]
[2024.03.11-20.08.46:033][  0]LogConfig: Setting CVar [[r.Shadow.CSM.TransitionScale:1.0]]
[2024.03.11-20.08.46:033][  0]LogConfig: Setting CVar [[r.Shadow.PreShadowResolutionFactor:1.0]]
[2024.03.11-20.08.46:033][  0]LogConfig: Setting CVar [[r.DistanceFieldShadowing:1]]
[2024.03.11-20.08.46:033][  0]LogConfig: Setting CVar [[r.DistanceFieldAO:1]]
[2024.03.11-20.08.46:033][  0]LogConfig: Setting CVar [[r.AOQuality:2]]
[2024.03.11-20.08.46:033][  0]LogConfig: Setting CVar [[r.VolumetricFog:1]]
[2024.03.11-20.08.46:033][  0]LogConfig: Setting CVar [[r.VolumetricFog.GridPixelSize:8]]
[2024.03.11-20.08.46:033][  0]LogConfig: Setting CVar [[r.VolumetricFog.GridSizeZ:128]]
[2024.03.11-20.08.46:033][  0]LogConfig: Setting CVar [[r.VolumetricFog.HistoryMissSupersampleCount:4]]
[2024.03.11-20.08.46:033][  0]LogConfig: Setting CVar [[r.LightMaxDrawDistanceScale:1]]
[2024.03.11-20.08.46:033][  0]LogConfig: Setting CVar [[r.CapsuleShadows:1]]
[2024.03.11-20.08.46:033][  0]LogConfig: Applying CVar settings from Section [PostProcessQuality@3] File [F:/UnrealEngineFile/Snake/Saved/Config/Windows/Scalability.ini]
[2024.03.11-20.08.46:033][  0]LogConfig: Setting CVar [[r.MotionBlurQuality:4]]
[2024.03.11-20.08.46:033][  0]LogConfig: Setting CVar [[r.AmbientOcclusionMipLevelFactor:0.4]]
[2024.03.11-20.08.46:033][  0]LogConfig: Setting CVar [[r.AmbientOcclusionMaxQuality:100]]
[2024.03.11-20.08.46:033][  0]LogConfig: Setting CVar [[r.AmbientOcclusionLevels:-1]]
[2024.03.11-20.08.46:033][  0]LogConfig: Setting CVar [[r.AmbientOcclusionRadiusScale:1.0]]
[2024.03.11-20.08.46:033][  0]LogConfig: Setting CVar [[r.DepthOfFieldQuality:2]]
[2024.03.11-20.08.46:033][  0]LogConfig: Setting CVar [[r.RenderTargetPoolMin:400]]
[2024.03.11-20.08.46:033][  0]LogConfig: Setting CVar [[r.LensFlareQuality:2]]
[2024.03.11-20.08.46:033][  0]LogConfig: Setting CVar [[r.SceneColorFringeQuality:1]]
[2024.03.11-20.08.46:033][  0]LogConfig: Setting CVar [[r.EyeAdaptationQuality:2]]
[2024.03.11-20.08.46:033][  0]LogConfig: Setting CVar [[r.BloomQuality:5]]
[2024.03.11-20.08.46:033][  0]LogConfig: Setting CVar [[r.FastBlurThreshold:100]]
[2024.03.11-20.08.46:033][  0]LogConfig: Setting CVar [[r.Upscale.Quality:3]]
[2024.03.11-20.08.46:033][  0]LogConfig: Setting CVar [[r.Tonemapper.GrainQuantization:1]]
[2024.03.11-20.08.46:033][  0]LogConfig: Setting CVar [[r.LightShaftQuality:1]]
[2024.03.11-20.08.46:033][  0]LogConfig: Setting CVar [[r.Filter.SizeScale:1]]
[2024.03.11-20.08.46:033][  0]LogConfig: Setting CVar [[r.Tonemapper.Quality:5]]
[2024.03.11-20.08.46:033][  0]LogConfig: Setting CVar [[r.DOF.Gather.AccumulatorQuality:1        ; higher gathering accumulator quality]]
[2024.03.11-20.08.46:033][  0]LogConfig: Setting CVar [[r.DOF.Gather.PostfilterMethod:1          ; Median3x3 postfilering method]]
[2024.03.11-20.08.46:033][  0]LogConfig: Setting CVar [[r.DOF.Gather.EnableBokehSettings:0       ; no bokeh simulation when gathering]]
[2024.03.11-20.08.46:033][  0]LogConfig: Setting CVar [[r.DOF.Gather.RingCount:4                 ; medium number of samples when gathering]]
[2024.03.11-20.08.46:033][  0]LogConfig: Setting CVar [[r.DOF.Scatter.ForegroundCompositing:1    ; additive foreground scattering]]
[2024.03.11-20.08.46:033][  0]LogConfig: Setting CVar [[r.DOF.Scatter.BackgroundCompositing:2    ; additive background scattering]]
[2024.03.11-20.08.46:033][  0]LogConfig: Setting CVar [[r.DOF.Scatter.EnableBokehSettings:1      ; bokeh simulation when scattering]]
[2024.03.11-20.08.46:033][  0]LogConfig: Setting CVar [[r.DOF.Scatter.MaxSpriteRatio:0.1         ; only a maximum of 10% of scattered bokeh]]
[2024.03.11-20.08.46:033][  0]LogConfig: Setting CVar [[r.DOF.Recombine.Quality:1                ; cheap slight out of focus]]
[2024.03.11-20.08.46:033][  0]LogConfig: Setting CVar [[r.DOF.Recombine.EnableBokehSettings:0    ; no bokeh simulation on slight out of focus]]
[2024.03.11-20.08.46:033][  0]LogConfig: Setting CVar [[r.DOF.TemporalAAQuality:1                ; more stable temporal accumulation]]
[2024.03.11-20.08.46:034][  0]LogConfig: Setting CVar [[r.DOF.Kernel.MaxForegroundRadius:0.025]]
[2024.03.11-20.08.46:034][  0]LogConfig: Setting CVar [[r.DOF.Kernel.MaxBackgroundRadius:0.025]]
[2024.03.11-20.08.46:034][  0]LogConfig: Applying CVar settings from Section [TextureQuality@3] File [F:/UnrealEngineFile/Snake/Saved/Config/Windows/Scalability.ini]
[2024.03.11-20.08.46:034][  0]LogConfig: Setting CVar [[r.Streaming.MipBias:0]]
[2024.03.11-20.08.46:034][  0]LogConfig: Setting CVar [[r.Streaming.AmortizeCPUToGPUCopy:0]]
[2024.03.11-20.08.46:034][  0]LogConfig: Setting CVar [[r.Streaming.MaxNumTexturesToStreamPerFrame:0]]
[2024.03.11-20.08.46:034][  0]LogConfig: Setting CVar [[r.Streaming.Boost:1]]
[2024.03.11-20.08.46:034][  0]LogConfig: Setting CVar [[r.MaxAnisotropy:8]]
[2024.03.11-20.08.46:034][  0]LogConfig: Setting CVar [[r.VT.MaxAnisotropy:8]]
[2024.03.11-20.08.46:034][  0]LogConfig: Setting CVar [[r.Streaming.LimitPoolSizeToVRAM:0]]
[2024.03.11-20.08.46:034][  0]LogConfig: Setting CVar [[r.Streaming.PoolSize:1000]]
[2024.03.11-20.08.46:034][  0]LogConfig: Setting CVar [[r.Streaming.MaxEffectiveScreenSize:0]]
[2024.03.11-20.08.46:034][  0]LogConfig: Applying CVar settings from Section [EffectsQuality@3] File [F:/UnrealEngineFile/Snake/Saved/Config/Windows/Scalability.ini]
[2024.03.11-20.08.46:034][  0]LogConfig: Setting CVar [[r.TranslucencyLightingVolumeDim:64]]
[2024.03.11-20.08.46:034][  0]LogConfig: Setting CVar [[r.RefractionQuality:2]]
[2024.03.11-20.08.46:034][  0]LogConfig: Setting CVar [[r.SSR.Quality:3]]
[2024.03.11-20.08.46:034][  0]LogConfig: Setting CVar [[r.SSR.HalfResSceneColor:0]]
[2024.03.11-20.08.46:034][  0]LogConfig: Setting CVar [[r.SceneColorFormat:4]]
[2024.03.11-20.08.46:034][  0]LogConfig: Setting CVar [[r.DetailMode:2]]
[2024.03.11-20.08.46:034][  0]LogConfig: Setting CVar [[r.TranslucencyVolumeBlur:1]]
[2024.03.11-20.08.46:034][  0]LogConfig: Setting CVar [[r.MaterialQualityLevel:1 ; High quality]]
[2024.03.11-20.08.46:034][  0]LogConfig: Setting CVar [[r.AnisotropicMaterials:1]]
[2024.03.11-20.08.46:034][  0]LogConfig: Setting CVar [[r.SSS.Scale:1]]
[2024.03.11-20.08.46:034][  0]LogConfig: Setting CVar [[r.SSS.SampleSet:2]]
[2024.03.11-20.08.46:034][  0]LogConfig: Setting CVar [[r.SSS.Quality:1]]
[2024.03.11-20.08.46:034][  0]LogConfig: Setting CVar [[r.SSS.HalfRes:0]]
[2024.03.11-20.08.46:034][  0]LogConfig: Setting CVar [[r.SSGI.Quality:3]]
[2024.03.11-20.08.46:034][  0]LogConfig: Setting CVar [[r.EmitterSpawnRateScale:1.0]]
[2024.03.11-20.08.46:034][  0]LogConfig: Setting CVar [[r.ParticleLightQuality:2]]
[2024.03.11-20.08.46:034][  0]LogConfig: Setting CVar [[r.SkyAtmosphere.AerialPerspectiveLUT.FastApplyOnOpaque:1 ; Always have FastSkyLUT 1 in this case to avoid wrong sky]]
[2024.03.11-20.08.46:034][  0]LogConfig: Setting CVar [[r.SkyAtmosphere.AerialPerspectiveLUT.SampleCountMaxPerSlice:4]]
[2024.03.11-20.08.46:034][  0]LogConfig: Setting CVar [[r.SkyAtmosphere.AerialPerspectiveLUT.DepthResolution:16.0]]
[2024.03.11-20.08.46:034][  0]LogConfig: Setting CVar [[r.SkyAtmosphere.FastSkyLUT:1]]
[2024.03.11-20.08.46:034][  0]LogConfig: Setting CVar [[r.SkyAtmosphere.FastSkyLUT.SampleCountMin:4.0]]
[2024.03.11-20.08.46:034][  0]LogConfig: Setting CVar [[r.SkyAtmosphere.FastSkyLUT.SampleCountMax:128.0]]
[2024.03.11-20.08.46:034][  0]LogConfig: Setting CVar [[r.SkyAtmosphere.SampleCountMin:4.0]]
[2024.03.11-20.08.46:034][  0]LogConfig: Setting CVar [[r.SkyAtmosphere.SampleCountMax:128.0]]
[2024.03.11-20.08.46:034][  0]LogConfig: Setting CVar [[r.SkyAtmosphere.TransmittanceLUT.UseSmallFormat:0]]
[2024.03.11-20.08.46:034][  0]LogConfig: Setting CVar [[r.SkyAtmosphere.TransmittanceLUT.SampleCount:10.0]]
[2024.03.11-20.08.46:034][  0]LogConfig: Setting CVar [[r.SkyAtmosphere.MultiScatteringLUT.SampleCount:15.0]]
[2024.03.11-20.08.46:034][  0]LogConfig: Setting CVar [[r.SkyLight.RealTimeReflectionCapture:1]]
[2024.03.11-20.08.46:034][  0]LogConfig: Applying CVar settings from Section [FoliageQuality@3] File [F:/UnrealEngineFile/Snake/Saved/Config/Windows/Scalability.ini]
[2024.03.11-20.08.46:034][  0]LogConfig: Setting CVar [[foliage.DensityScale:1.0]]
[2024.03.11-20.08.46:034][  0]LogConfig: Setting CVar [[grass.DensityScale:1.0]]
[2024.03.11-20.08.46:034][  0]LogConfig: Applying CVar settings from Section [ShadingQuality@3] File [F:/UnrealEngineFile/Snake/Saved/Config/Windows/Scalability.ini]
[2024.03.11-20.08.46:034][  0]LogConfig: Setting CVar [[r.HairStrands.SkyLighting.IntegrationType:2]]
[2024.03.11-20.08.46:034][  0]LogConfig: Setting CVar [[r.HairStrands.SkyAO.SampleCount:4]]
[2024.03.11-20.08.46:034][  0]LogConfig: Setting CVar [[r.HairStrands.Visibility.MSAA.SamplePerPixel:4]]
[2024.03.11-20.08.46:034][  0]LogConfig: Applying CVar settings from Section [Startup] File [../../../Engine/Config/ConsoleVariables.ini]
[2024.03.11-20.08.46:034][  0]LogConfig: Setting CVar [[net.UseAdaptiveNetUpdateFrequency:0]]
[2024.03.11-20.08.46:034][  0]LogConfig: Setting CVar [[p.chaos.AllowCreatePhysxBodies:1]]
[2024.03.11-20.08.46:034][  0]LogConfig: Setting CVar [[fx.SkipVectorVMBackendOptimizations:1]]
[2024.03.11-20.08.46:034][  0]LogConfig: Applying CVar settings from Section [ConsoleVariables] File [F:/UnrealEngineFile/Snake/Saved/Config/Windows/Engine.ini]
[2024.03.11-20.08.46:034][  0]LogConfig: Applying CVar settings from Section [ConsoleVariables] File [F:/UnrealEngineFile/Snake/Saved/Config/Windows/Editor.ini]
[2024.03.11-20.08.46:035][  0]LogInit: Computer: ANDREW
[2024.03.11-20.08.46:035][  0]LogInit: User: Андрей
[2024.03.11-20.08.46:035][  0]LogInit: CPU Page size=4096, Cores=4
[2024.03.11-20.08.46:035][  0]LogInit: High frequency timer resolution =10.000000 MHz
[2024.03.11-20.08.46:035][  0]LogMemory: Memory total: Physical=23.9GB (24GB approx)
[2024.03.11-20.08.46:035][  0]LogMemory: Platform Memory Stats for Windows
[2024.03.11-20.08.46:035][  0]LogMemory: Process Physical Memory: 141.95 MB used, 141.95 MB peak
[2024.03.11-20.08.46:035][  0]LogMemory: Process Virtual Memory: 114.65 MB used, 114.65 MB peak
[2024.03.11-20.08.46:035][  0]LogMemory: Physical Memory: 11418.72 MB used,  13084.99 MB free, 24503.71 MB total
[2024.03.11-20.08.46:035][  0]LogMemory: Virtual Memory: 134187904.00 MB used,  29821.52 MB free, 134217728.00 MB total
[2024.03.11-20.08.46:042][  0]LogWindows: WindowsPlatformFeatures enabled
[2024.03.11-20.08.46:119][  0]LogInit: Physics initialised using underlying interface: PhysX
[2024.03.11-20.08.46:120][  0]LogInit: Using OS detected language (ru-RU).
[2024.03.11-20.08.46:120][  0]LogInit: Using OS detected locale (ru-RU).
[2024.03.11-20.08.46:124][  0]LogTextLocalizationManager: No specific localization for 'ru-RU' exists, so the 'ru' localization will be used.
[2024.03.11-20.08.46:124][  0]LogTextLocalizationResource: LocRes '../../../Engine/Content/Localization/Editor/ru/Editor.locres' could not be opened for reading!
[2024.03.11-20.08.46:124][  0]LogTextLocalizationResource: LocRes '../../../Engine/Content/Localization/EditorTutorials/ru/EditorTutorials.locres' could not be opened for reading!
[2024.03.11-20.08.46:124][  0]LogTextLocalizationResource: LocRes '../../../Engine/Content/Localization/Keywords/ru/Keywords.locres' could not be opened for reading!
[2024.03.11-20.08.46:125][  0]LogTextLocalizationResource: LocRes '../../../Engine/Content/Localization/Category/ru/Category.locres' could not be opened for reading!
[2024.03.11-20.08.46:125][  0]LogTextLocalizationResource: LocRes '../../../Engine/Content/Localization/ToolTips/ru/ToolTips.locres' could not be opened for reading!
[2024.03.11-20.08.46:125][  0]LogTextLocalizationResource: LocRes '../../../Engine/Content/Localization/PropertyNames/ru/PropertyNames.locres' could not be opened for reading!
[2024.03.11-20.08.46:125][  0]LogTextLocalizationResource: LocRes '../../../Engine/Content/Localization/Engine/ru/Engine.locres' could not be opened for reading!
[2024.03.11-20.08.46:125][  0]LogInit: Setting process to per monitor DPI aware
[2024.03.11-20.08.46:142][  0]LogWindowsTextInputMethodSystem: Display: IME system deactivated.
[2024.03.11-20.08.46:160][  0]LogSlate: New Slate User Created.  User Index 0, Is Virtual User: 0
[2024.03.11-20.08.46:160][  0]LogSlate: Slate User Registered.  User Index 0, Is Virtual User: 0
[2024.03.11-20.08.46:311][  0]LogD3D11RHI: Loaded GFSDK_Aftermath_Lib.x64.dll
[2024.03.11-20.08.46:314][  0]LogHMD: Failed to initialize OpenVR with code 110
[2024.03.11-20.08.46:314][  0]LogD3D11RHI: D3D11 min allowed feature level: 11_0
[2024.03.11-20.08.46:314][  0]LogD3D11RHI: D3D11 max allowed feature level: 11_0
[2024.03.11-20.08.46:314][  0]LogD3D11RHI: D3D11 adapters:
[2024.03.11-20.08.46:498][  0]LogD3D11RHI:    0. 'NVIDIA GeForce GTX 1060 3GB' (Feature Level 11_0)
[2024.03.11-20.08.46:498][  0]LogD3D11RHI:       2978/0/12251 MB DedicatedVideo/DedicatedSystem/SharedSystem, Outputs:1, VendorId:0x10de
[2024.03.11-20.08.46:502][  0]LogD3D11RHI:    1. 'Microsoft Basic Render Driver' (Feature Level 11_0)
[2024.03.11-20.08.46:502][  0]LogD3D11RHI:       0/0/12251 MB DedicatedVideo/DedicatedSystem/SharedSystem, Outputs:0, VendorId:0x1414
[2024.03.11-20.08.46:502][  0]LogD3D11RHI: Chosen D3D11 Adapter:
[2024.03.11-20.08.46:502][  0]LogD3D11RHI:     Description : NVIDIA GeForce GTX 1060 3GB
[2024.03.11-20.08.46:502][  0]LogD3D11RHI:     VendorId    : 10de
[2024.03.11-20.08.46:502][  0]LogD3D11RHI:     DeviceId    : 1b84
[2024.03.11-20.08.46:502][  0]LogD3D11RHI:     SubSysId    : 1b8410de
[2024.03.11-20.08.46:502][  0]LogD3D11RHI:     Revision    : 00a1
[2024.03.11-20.08.46:502][  0]LogD3D11RHI:     DedicatedVideoMemory : 3122659328 bytes
[2024.03.11-20.08.46:502][  0]LogD3D11RHI:     DedicatedSystemMemory : 0 bytes
[2024.03.11-20.08.46:502][  0]LogD3D11RHI:     SharedSystemMemory : 12846999552 bytes
[2024.03.11-20.08.46:502][  0]LogD3D11RHI:     AdapterLuid : 0 67044
[2024.03.11-20.08.46:508][  0]LogD3D11RHI: Creating new Direct3DDevice
[2024.03.11-20.08.46:509][  0]LogD3D11RHI:     GPU DeviceId: 0x1b84 (for the marketing name, search the web for "GPU Device Id")
[2024.03.11-20.08.46:509][  0]LogWindows: EnumDisplayDevices:
[2024.03.11-20.08.46:509][  0]LogWindows:    0. 'NVIDIA GeForce GTX 1060 3GB' (P:1 D:1)
[2024.03.11-20.08.46:509][  0]LogWindows:    1. 'NVIDIA GeForce GTX 1060 3GB' (P:0 D:0)
[2024.03.11-20.08.46:510][  0]LogWindows:    2. 'NVIDIA GeForce GTX 1060 3GB' (P:0 D:0)
[2024.03.11-20.08.46:510][  0]LogWindows:    3. 'NVIDIA GeForce GTX 1060 3GB' (P:0 D:0)
[2024.03.11-20.08.46:511][  0]LogWindows: DebugString: FoundDriverCount:4 
[2024.03.11-20.08.46:511][  0]LogD3D11RHI:     Adapter Name: NVIDIA GeForce GTX 1060 3GB
[2024.03.11-20.08.46:511][  0]LogD3D11RHI:   Driver Version: 536.67 (internal:31.0.15.3667, unified:536.67)
[2024.03.11-20.08.46:511][  0]LogD3D11RHI:      Driver Date: 7-12-2023
[2024.03.11-20.08.46:511][  0]LogRHI: Texture pool is 2084 MB (70% of 2978 MB)
[2024.03.11-20.08.46:511][  0]LogD3D11RHI: Creating D3DDevice using adapter:
[2024.03.11-20.08.46:511][  0]LogD3D11RHI:     Description : NVIDIA GeForce GTX 1060 3GB
[2024.03.11-20.08.46:511][  0]LogD3D11RHI:     VendorId    : 10de
[2024.03.11-20.08.46:511][  0]LogD3D11RHI:     DeviceId    : 1b84
[2024.03.11-20.08.46:511][  0]LogD3D11RHI:     SubSysId    : 1b8410de
[2024.03.11-20.08.46:511][  0]LogD3D11RHI:     Revision    : 00a1
[2024.03.11-20.08.46:511][  0]LogD3D11RHI:     DedicatedVideoMemory : 3122659328 bytes
[2024.03.11-20.08.46:511][  0]LogD3D11RHI:     DedicatedSystemMemory : 0 bytes
[2024.03.11-20.08.46:511][  0]LogD3D11RHI:     SharedSystemMemory : 12846999552 bytes
[2024.03.11-20.08.46:511][  0]LogD3D11RHI:     AdapterLuid : 0 67044
[2024.03.11-20.08.46:639][  0]LogD3D11RHI: RHI has support for 64 bit atomics
[2024.03.11-20.08.46:640][  0]LogD3D11RHI: Async texture creation enabled
[2024.03.11-20.08.46:640][  0]LogD3D11RHI: Array index from any shader is supported
[2024.03.11-20.08.46:669][  0]LogD3D11RHI: GPU Timing Frequency: 1000.000000 (Debug: 2 1)
[2024.03.11-20.08.46:741][  0]LogRHI: GeForceNow SDK initialized: 1
[2024.03.11-20.08.47:118][  0]LogTargetPlatformManager: Display: Loaded TargetPlatform 'AllDesktop'
[2024.03.11-20.08.47:143][  0]LogTargetPlatformManager: Display: Loaded TargetPlatform 'Android'
[2024.03.11-20.08.47:143][  0]LogTargetPlatformManager: Display: Loaded TargetPlatform 'Android_ASTC'
[2024.03.11-20.08.47:143][  0]LogTargetPlatformManager: Display: Loaded TargetPlatform 'Android_DXT'
[2024.03.11-20.08.47:143][  0]LogTargetPlatformManager: Display: Loaded TargetPlatform 'Android_ETC2'
[2024.03.11-20.08.47:143][  0]LogTargetPlatformManager: Display: Loaded TargetPlatform 'AndroidClient'
[2024.03.11-20.08.47:143][  0]LogTargetPlatformManager: Display: Loaded TargetPlatform 'Android_ASTCClient'
[2024.03.11-20.08.47:143][  0]LogTargetPlatformManager: Display: Loaded TargetPlatform 'Android_DXTClient'
[2024.03.11-20.08.47:143][  0]LogTargetPlatformManager: Display: Loaded TargetPlatform 'Android_ETC2Client'
[2024.03.11-20.08.47:143][  0]LogTargetPlatformManager: Display: Loaded TargetPlatform 'Android_Multi'
[2024.03.11-20.08.47:143][  0]LogTargetPlatformManager: Display: Loaded TargetPlatform 'Android_MultiClient'
[2024.03.11-20.08.47:165][  0]LogTargetPlatformManager: Display: Loaded TargetPlatform 'IOSClient'
[2024.03.11-20.08.47:165][  0]LogTargetPlatformManager: Display: Loaded TargetPlatform 'IOS'
[2024.03.11-20.08.47:176][  0]LogTargetPlatformManager: Display: Loaded TargetPlatform 'Linux'
[2024.03.11-20.08.47:181][  0]LogTargetPlatformManager: Display: Loaded TargetPlatform 'LinuxNoEditor'
[2024.03.11-20.08.47:186][  0]LogTargetPlatformManager: Display: Loaded TargetPlatform 'LinuxClient'
[2024.03.11-20.08.47:191][  0]LogTargetPlatformManager: Display: Loaded TargetPlatform 'LinuxServer'
[2024.03.11-20.08.47:201][  0]LogTargetPlatformManager: Display: Loaded TargetPlatform 'LinuxAArch64NoEditor'
[2024.03.11-20.08.47:206][  0]LogTargetPlatformManager: Display: Loaded TargetPlatform 'LinuxAArch64Client'
[2024.03.11-20.08.47:211][  0]LogTargetPlatformManager: Display: Loaded TargetPlatform 'LinuxAArch64Server'
[2024.03.11-20.08.47:239][  0]LogTargetPlatformManager: Display: Loaded TargetPlatform 'Lumin'
[2024.03.11-20.08.47:239][  0]LogTargetPlatformManager: Display: Loaded TargetPlatform 'LuminClient'
[2024.03.11-20.08.47:248][  0]LogTargetPlatformManager: Display: Loaded TargetPlatform 'MacNoEditor'
[2024.03.11-20.08.47:253][  0]LogTargetPlatformManager: Display: Loaded TargetPlatform 'Mac'
[2024.03.11-20.08.47:258][  0]LogTargetPlatformManager: Display: Loaded TargetPlatform 'MacClient'
[2024.03.11-20.08.47:263][  0]LogTargetPlatformManager: Display: Loaded TargetPlatform 'MacServer'
[2024.03.11-20.08.47:275][  0]LogTargetPlatformManager: Display: Loaded TargetPlatform 'TVOSClient'
[2024.03.11-20.08.47:275][  0]LogTargetPlatformManager: Display: Loaded TargetPlatform 'TVOS'
[2024.03.11-20.08.47:285][  0]LogTargetPlatformManager: Display: Loaded TargetPlatform 'WindowsNoEditor'
[2024.03.11-20.08.47:290][  0]LogTargetPlatformManager: Display: Loaded TargetPlatform 'Windows'
[2024.03.11-20.08.47:295][  0]LogTargetPlatformManager: Display: Loaded TargetPlatform 'WindowsClient'
[2024.03.11-20.08.47:300][  0]LogTargetPlatformManager: Display: Loaded TargetPlatform 'WindowsServer'
[2024.03.11-20.08.47:300][  0]LogTargetPlatformManager: Display: Building Assets For Windows
[2024.03.11-20.08.47:309][  0]LogAudioDebug: Display: Lib vorbis DLL was dynamically loaded.
[2024.03.11-20.08.47:348][  0]LogTextureFormatOodle: Display: Oodle Texture 2.9.0 init RDO Off
[2024.03.11-20.08.47:384][  0]LogRendererCore: Ray tracing is disabled. Reason: r.RayTracing=0.
[2024.03.11-20.08.47:384][  0]LogShaderCompilers: Guid format shader working directory is -18 characters bigger than the processId version (../../../../../UnrealEngineFile/Snake/Intermediate/Shaders/WorkingDirectory/21736/).
[2024.03.11-20.08.47:384][  0]LogShaderCompilers: Cleaned the shader compiler working directory 'C:/TEMP/UnrealShaderWorkingDir/DF9CEBA24E7FB6392998B283258A4050/'.
[2024.03.11-20.08.47:385][  0]LogXGEController: Cannot use XGE Controller as Incredibuild is not installed on this machine.
[2024.03.11-20.08.47:385][  0]LogShaderCompilers: Cannot use XGE Shader Compiler as Incredibuild is not installed on this machine.
[2024.03.11-20.08.47:385][  0]LogShaderCompilers: Display: Using Local Shader Compiler.
[2024.03.11-20.08.48:194][  0]LogDerivedDataCache: Display: Max Cache Size: 512 MB
[2024.03.11-20.08.48:262][  0]LogDerivedDataCache: Loaded boot cache 0.07s 94MB C:/Users/Андрей/AppData/Local/UnrealEngine/4.27/DerivedDataCache/Boot.ddc.
[2024.03.11-20.08.48:262][  0]LogDerivedDataCache: Display: Loaded Boot cache: C:/Users/Андрей/AppData/Local/UnrealEngine/4.27/DerivedDataCache/Boot.ddc
[2024.03.11-20.08.48:262][  0]LogDerivedDataCache: FDerivedDataBackendGraph:  Pak pak cache file ../../../../../UnrealEngineFile/Snake/DerivedDataCache/DDC.ddp not found, will not use a pak cache.
[2024.03.11-20.08.48:262][  0]LogDerivedDataCache: Unable to find inner node Pak for hierarchical cache Hierarchy.
[2024.03.11-20.08.48:262][  0]LogDerivedDataCache: FDerivedDataBackendGraph:  CompressedPak pak cache file ../../../../../UnrealEngineFile/Snake/DerivedDataCache/Compressed.ddp not found, will not use a pak cache.
[2024.03.11-20.08.48:262][  0]LogDerivedDataCache: Unable to find inner node CompressedPak for hierarchical cache Hierarchy.
[2024.03.11-20.08.48:279][  0]LogDerivedDataCache: Display: Pak cache opened for reading ../../../Engine/DerivedDataCache/Compressed.ddp.
[2024.03.11-20.08.48:279][  0]LogDerivedDataCache: FDerivedDataBackendGraph:  EnterprisePak pak cache file ../../../Enterprise/DerivedDataCache/Compressed.ddp not found, will not use a pak cache.
[2024.03.11-20.08.48:279][  0]LogDerivedDataCache: Unable to find inner node EnterprisePak for hierarchical cache Hierarchy.
[2024.03.11-20.08.48:289][  0]LogDerivedDataCache: Speed tests for C:/Users/Андрей/AppData/Local/UnrealEngine/Common/DerivedDataCache took 0.01 seconds
[2024.03.11-20.08.48:289][  0]LogDerivedDataCache: Display: Performance to C:/Users/Андрей/AppData/Local/UnrealEngine/Common/DerivedDataCache: Latency=0.06ms. RandomReadSpeed=919.12MBs, RandomWriteSpeed=121.38MBs. Assigned SpeedClass 'Local'
[2024.03.11-20.08.48:290][  0]LogDerivedDataCache: Using Local data cache path C:/Users/Андрей/AppData/Local/UnrealEngine/Common/DerivedDataCache: Writable
[2024.03.11-20.08.48:290][  0]LogDerivedDataCache: Shared data cache path not found in *engine.ini, will not use an Shared cache.
[2024.03.11-20.08.48:290][  0]LogDerivedDataCache: Unable to find inner node Shared for hierarchical cache Hierarchy.
[2024.03.11-20.08.48:338][  0]LogSlate: Using FreeType 2.10.0
[2024.03.11-20.08.48:339][  0]LogSlate: SlateFontServices - WITH_FREETYPE: 1, WITH_HARFBUZZ: 1
[2024.03.11-20.08.48:371][  0]LogAssetRegistry: FAssetRegistry took 0.0028 seconds to start up
[2024.03.11-20.08.48:649][  0]LogInit: Selected Device Profile: [Windows]
[2024.03.11-20.08.48:649][  0]LogInit: Active device profile: [0000027916E7F400][00000279156393C0 49] Windows
[2024.03.11-20.08.48:649][  0]LogInit: Profiles: [0000027916E7F400][00000279156393C0 49] Windows, [0000027916E90E00][000002791563D540 49] WindowsNoEditor, [0000027916E7CE00][000002791456B6C0 49] WindowsServer, [0000027916E92C00][00000279142D9840 49] WindowsClient, [0000027916E7EB00][00000279142DD9C0 49] IOS, [0000027916E91700][000002791270FB40 49] iPadAir, [0000027916E7D600][0000027912712140 49] iPadAir2, [0000027917E2FA00][0000027912E8C400 49] IPadPro, [0000027917E2FB00][0000027912716440 49] iPadAir3, [0000027916E7E500][000002791455C580 49] iPadAir4, [0000027917E2D300][0000027912E906C0 49] iPadMini2, [0000027916E7DB00][0000027912E94800 49] iPadMini3, [0000027917E2E600][00000279155B0940 49] iPadMini4, [0000027916E7C700][00000279155B8AC0 49] iPadMini5, [0000027916E83300][00000279155C0D80 49] iPhone6, [0000027916E83400][00000279155BCDC0 49] iPodTouch6, [0000027917E2C400][00000279155C9080 49] iPhone7, [0000027917E2C300][00000279155C50C0 49] iPodTouch7, [0000027916E81200][00000279155CD240 49] iPhone5S, [0000027917E2CC00][00000279155D13C0 49] iPhone6Plus, [0000027916E82700][00000279155D5540 49] iPhone6S, [0000027917E2CE00][00000279155D96C0 49] iPhone6SPlus, [0000027916E81A00][00000279155DD840 49] iPhone7Plus, [0000027917E2E500][00000279155E19C0 49] iPhoneSE, [0000027916E80C00][00000279155E5B40 49] iPhone8, [0000027917E2EB00][00000279155E8140 49] iPhone8Plus, [0000027916E82F00][00000279159422C0 49] iPhoneX, [0000027917E2C900][0000027915946440 49] iPhoneXS, [0000027916E83A00][000002791594A5C0 49] iPhoneXSMax, [0000027917E2FC00][000002791594E740 49] iPhoneXR, [0000027916E80B00][00000279155B4880 49] iPhone11, [0000027917E2D600][00000279159529C0 49] iPhone11Pro, [0000027916E81000][0000027915956B00 49] iPhone11ProMax, [0000027917E2E900][000002791595EC80 49] iPhoneSE2, [0000027916E83000][0000027915962E00 49] iPhone12Mini, [0000027917E2F500][0000027915966F80 49] iPhone12, [0000027916E81600][000002791596B100 49] iPhone12Pro, [0000027917E2F600][000002791596F280 49] iPhone12ProMax, [0000027916E81400][0000027915973400 49] iPadPro105, [0000027917E2F000][0000027915977580 49] iPadPro129, [0000027916E82300][000002791597B700 49] iPadPro97, [0000027917E2D100][000002791448D880 49] iPadPro2_129, [0000027916E80A00][0000027914491A00 49] iPad5, [0000027917E2FE00][0000027914495B80 49] iPad6, [0000027916E82D00][0000027914498180 49] iPad7, [0000027917E2D400][000002791449C300 49] iPad8, [0000027916E81D00][00000279144A0480 49] iPadPro11, [0000027917E2EE00][00000279144A4600 49] iPadPro2_11, [0000027916E83B00][00000279144A8780 49] iPadPro3_129, [0000027917E2CF00][00000279144AC900 49] iPadPro4_129, [0000027916E82200][000002791595AA40 49] AppleTV, [0000027917E2F300][00000279144B0B80 49] AppleTV4K, [0000027916E80500][00000279144B4CC0 49] TVOS, [0000027917E2D200][00000279144BCE40 49] Mac, [0000027916E80100][00000279144C0FC0 49] MacClient, [0000027917E2F400][00000279144C5140 49] MacNoEditor, [0000027916E83E00][00000279144C92C0 49] MacServer, [0000027917E2DE00][00000279144CD440 49] Linux, [0000027916E80700][00000279144D15C0 49] LinuxAArch64, [0000027917E2EA00][00000279144D5740 49] LinuxNoEditor, [0000027916E81C00][00000279144D98C0 49] LinuxAArch64NoEditor, [0000027916F1A100][0000027915E2BA40 49] LinuxClient, [0000027916E90500][0000027915E2FBC0 49] LinuxAArch64Client, [0000027916F19400][0000027915E321C0 49] LinuxServer, [0000027916E91200][0000027915E36340 49] LinuxAArch64Server, [0000027916F18700][0000027915E3A4C0 49] Android, [0000027916E93000][0000027915E3E640 49] Android_Low, [0000027916F19800][0000027915E427C0 49] Android_Mid, [0000027916E91A00][0000027915E46940 49] Android_High, [0000027916F19D00][0000027915E4AAC0 49] Android_Default, [0000027916E91600][00000279144B8C00 49] Android_Adreno4xx, [0000027916F1A400][0000027915E4ED40 49] Android_Adreno5xx_Low, [0000027916E90300][0000027915E52E80 49] Android_Adreno5xx, [0000027916F18300][0000027915E56FC0 49] Android_Adreno6xx, [0000027916E92400][0000027915E5F140 49] Android_Adreno6xx_Vulkan, [0000027916F19300][0000027915E632C0 49] Android_Mali_T6xx, [0000027916E90600][0000027915E67440 49] Android_Mali_T7xx, [0000027916F18100][0000027915E6B5C0 49] Android_Mali_T8xx, [0000027916E92500][0000027915E6F740 49] Android_Mali_G71, [0000027916F19100][0000027915E738C0 49] Android_Mali_G72, [0000027916E92D00][0000027915E77A40 49] Android_Mali_G72_Vulkan, [0000027916E83900][0000027915E7BBC0 49] Android_Mali_G76, [0000027917E2E400][0000027915E7E1C0 49] Android_Mali_G76_Vulkan, [0000027916E82100][0000027915E82340 49] Android_Mali_G77, [0000027917E2FF00][0000027915E864C0 49] Android_Mali_G77_Vulkan, [0000027916E81F00][0000027915E8A640 49] Android_Mali_G78, [0000027917E2DF00][0000027915E8E7C0 49] Android_Mali_G78_Vulkan, [0000027916E82600][0000027915E92940 49] Android_Mali_G710, [0000027917E2F900][0000027915E96AC0 49] Android_Mali_G710_Vulkan, [0000027916F18F00][0000027915E9AC40 49] Android_Vulkan_SM5, [0000027917E2F700][0000027915E5AD80 49] Android_PowerVR_G6xxx, [0000027916F18E00][0000027915E9EEC0 49] Android_PowerVR_GT7xxx, [0000027917E2C100][0000027915EA3000 49] Android_PowerVR_GE8xxx, [0000027916F18600][0000027915EA7140 49] Android_PowerVR_GM9xxx, [0000027917E2DB00][0000027915EAF2C0 49] Android_PowerVR_GM9xxx_Vulkan, [0000027916F19200][0000027915EB3440 49] Android_TegraK1, [0000027917E2DA00][0000027915EB75C0 49] Android_Unknown_Vulkan, [0000027916F18400][0000027915EBB740 49] Lumin, [0000027917E2EC00][0000027915EBF8C0 49] Lumin_Desktop, [0000027916F18D00][0000027915EC3A40 49] HoloLens, 
[2024.03.11-20.08.48:789][  0]LogMeshReduction: Using QuadricMeshReduction for automatic static mesh reduction
[2024.03.11-20.08.48:790][  0]LogMeshReduction: Using SimplygonMeshReduction for automatic skeletal mesh reduction
[2024.03.11-20.08.48:790][  0]LogMeshReduction: Using ProxyLODMeshReduction for automatic mesh merging
[2024.03.11-20.08.48:790][  0]LogMeshReduction: No distributed automatic mesh merging module available
[2024.03.11-20.08.48:790][  0]LogMeshMerging: No distributed automatic mesh merging module available
[2024.03.11-20.08.48:807][  0]LogNetVersion: Snake 1.0.0, NetCL: 17155196, EngineNetVer: 17, GameNetVer: 0 (Checksum: 56763789)
[2024.03.11-20.08.49:235][  0]LogTexture: Default maximum texture size for cubemaps generated from long-lat sources has been changed from 512 to unlimited. In order to preserve old behaiour for '/Engine/MapTemplates/Sky/DaylightAmbientCubemap.DaylightAmbientCubemap', its maximum texture size has been explicitly set to 512.
[2024.03.11-20.08.49:303][  0]LogHMD: PokeAHoleMaterial loaded successfully
[2024.03.11-20.08.49:309][  0]LogUObjectArray: 17178 objects as part of root set at end of initial load.
[2024.03.11-20.08.49:309][  0]LogUObjectAllocator: 4302048 out of 0 bytes used by permanent object pool.
[2024.03.11-20.08.49:309][  0]LogUObjectArray: CloseDisregardForGC: 0/0 objects in disregard for GC pool
[2024.03.11-20.08.49:614][  0]LogNiagaraDebuggerClient: Niagara Debugger Client Initialized | Session: CFAA55664C363FA024DBA09AE79523E2 | Instance: 63A196434A859B1640FE47ABB3FEF32C (ANDREW-21736).
[2024.03.11-20.08.49:654][  0]LogPython: Using Python 3.7.7
[2024.03.11-20.08.50:335][  0]LogTcpMessaging: Initializing TcpMessaging bridge
[2024.03.11-20.08.50:340][  0]LogUdpMessaging: Initializing bridge on interface 0.0.0.0:0 to multicast group 230.0.0.1:6666.
[2024.03.11-20.08.51:532][  0]LogWindows: Error: === Critical error: ===
[2024.03.11-20.08.51:532][  0]LogWindows: Error: 
[2024.03.11-20.08.51:532][  0]LogWindows: Error: Fatal error!
[2024.03.11-20.08.51:532][  0]LogWindows: Error: 
[2024.03.11-20.08.51:532][  0]LogWindows: Error: Unhandled Exception: EXCEPTION_ACCESS_VIOLATION reading address 0x00000000000001b8
[2024.03.11-20.08.51:532][  0]LogWindows: Error: 
[2024.03.11-20.08.51:532][  0]LogWindows: Error: [Callstack] 0x00007ffa1dfb8ad9 UE4Editor-Engine.dll!UnknownFunction []
[2024.03.11-20.08.51:532][  0]LogWindows: Error: [Callstack] 0x00007ff9ffcd2c3f UE4Editor-Snake.dll!ASnakeBase::AddSnakeElement() [F:\UnrealEngineFile\Snake\Source\Snake\SnakeBase.cpp:37]
[2024.03.11-20.08.51:532][  0]LogWindows: Error: [Callstack] 0x00007ff9ffcd298e UE4Editor-Snake.dll!ASnakeBase::ASnakeBase() [F:\UnrealEngineFile\Snake\Source\Snake\SnakeBase.cpp:13]
[2024.03.11-20.08.51:532][  0]LogWindows: Error: [Callstack] 0x00007ffa206f61d3 UE4Editor-CoreUObject.dll!UnknownFunction []
[2024.03.11-20.08.51:532][  0]LogWindows: Error: [Callstack] 0x00007ffa20a18faf UE4Editor-CoreUObject.dll!UnknownFunction []
[2024.03.11-20.08.51:532][  0]LogWindows: Error: [Callstack] 0x00007ffa209f5411 UE4Editor-CoreUObject.dll!UnknownFunction []
[2024.03.11-20.08.51:532][  0]LogWindows: Error: [Callstack] 0x00007ffa208bddc5 UE4Editor-CoreUObject.dll!UnknownFunction []
[2024.03.11-20.08.51:532][  0]LogWindows: Error: [Callstack] 0x00007ffa210d1bea UE4Editor-Core.dll!UnknownFunction []
[2024.03.11-20.08.51:532][  0]LogWindows: Error: [Callstack] 0x00007ffa210f15a3 UE4Editor-Core.dll!UnknownFunction []
[2024.03.11-20.08.51:532][  0]LogWindows: Error: [Callstack] 0x00007ffa653e6433 UE4Editor-Projects.dll!UnknownFunction []
[2024.03.11-20.08.51:532][  0]LogWindows: Error: [Callstack] 0x00007ffa653e674f UE4Editor-Projects.dll!UnknownFunction []
[2024.03.11-20.08.51:532][  0]LogWindows: Error: [Callstack] 0x00007ff7735f5642 UE4Editor.exe!UnknownFunction []
[2024.03.11-20.08.51:532][  0]LogWindows: Error: [Callstack] 0x00007ff7735f9000 UE4Editor.exe!UnknownFunction []
[2024.03.11-20.08.51:532][  0]LogWindows: Error: [Callstack] 0x00007ff7735f0d2c UE4Editor.exe!UnknownFunction []
[2024.03.11-20.08.51:533][  0]LogWindows: Error: [Callstack] 0x00007ff7735f10ba UE4Editor.exe!UnknownFunction []
[2024.03.11-20.08.51:533][  0]LogWindows: Error: [Callstack] 0x00007ff7735f40dd UE4Editor.exe!UnknownFunction []
[2024.03.11-20.08.51:533][  0]LogWindows: Error: [Callstack] 0x00007ff773605984 UE4Editor.exe!UnknownFunction []
[2024.03.11-20.08.51:533][  0]LogWindows: Error: [Callstack] 0x00007ff77360853a UE4Editor.exe!UnknownFunction []
[2024.03.11-20.08.51:533][  0]LogWindows: Error: [Callstack] 0x00007ffa9dff7344 KERNEL32.DLL!UnknownFunction []
[2024.03.11-20.08.51:533][  0]LogWindows: Error: [Callstack] 0x00007ffa9f1a26b1 ntdll.dll!UnknownFunction []
[2024.03.11-20.08.51:533][  0]LogWindows: Error: 
[2024.03.11-20.08.51:543][  0]LogExit: Executing StaticShutdownAfterError
[2024.03.11-20.08.51:544][  0]LogWindows: FPlatformMisc::RequestExit(1)
[2024.03.11-20.08.51:544][  0]LogWindows: FPlatformMisc::RequestExitWithStatus(1, 3)
[2024.03.11-20.08.51:544][  0]LogCore: Engine exit requested (reason: Win RequestExit)
[2024.03.11-20.08.51:552][  0]Log file closed, 03/12/24 01:08:51
